<?xml version="1.0" encoding="UTF-8"?>
<testng-results ignored="1" total="6" passed="5" failed="0" skipped="0">
  <reporter-output>
  </reporter-output>
  <suite started-at="2024-07-22T17:34:21 IST" name="demo" finished-at="2024-07-22T17:34:21 IST" duration-ms="40">
    <groups>
    </groups>
    <test started-at="2024-07-22T17:34:21 IST" name="test" finished-at="2024-07-22T17:34:21 IST" duration-ms="40">
      <class name="test.Case1">
        <test-method signature="test1()[pri:0, instance:test.Case1@61230f6a]" started-at="2024-07-22T17:34:21 IST" name="test1" finished-at="2024-07-22T17:34:21 IST" duration-ms="7" status="PASS">
          <reporter-output>
          </reporter-output>
        </test-method> <!-- test1 -->
        <test-method signature="test2()[pri:0, instance:test.Case1@61230f6a]" started-at="2024-07-22T17:34:21 IST" name="test2" finished-at="2024-07-22T17:34:21 IST" duration-ms="2" status="PASS">
          <reporter-output>
          </reporter-output>
        </test-method> <!-- test2 -->
        <test-method signature="test3()[pri:0, instance:test.Case1@61230f6a]" started-at="2024-07-22T17:34:21 IST" name="test3" finished-at="2024-07-22T17:34:21 IST" duration-ms="0" status="PASS">
          <reporter-output>
          </reporter-output>
        </test-method> <!-- test3 -->
      </class> <!-- test.Case1 -->
      <class name="test.Case2">
        <test-method signature="test1()[pri:0, instance:test.Case2@70e8f8e]" started-at="2024-07-22T17:34:21 IST" name="test1" finished-at="2024-07-22T17:34:21 IST" duration-ms="1" status="PASS">
          <reporter-output>
          </reporter-output>
        </test-method> <!-- test1 -->
        <test-method signature="test3()[pri:0, instance:test.Case2@70e8f8e]" started-at="2024-07-22T17:34:21 IST" name="test3" finished-at="2024-07-22T17:34:21 IST" duration-ms="1" status="PASS">
          <reporter-output>
          </reporter-output>
        </test-method> <!-- test3 -->
      </class> <!-- test.Case2 -->
    </test> <!-- test -->
  </suite> <!-- demo -->
</testng-results>
