<?xml version="1.0" encoding="UTF-8"?>
<!-- Generated by org.testng.reporters.JUnitXMLReporter -->
<testsuite ignored="0" hostname="CPU0441" failures="0" tests="6" name="Default test" time="76.004" errors="0" timestamp="2025-04-03T17:33:43 IST">
  <testcase classname="com.simplilearn.mavenproject.Sands" name="about_Page" time="2.759"/>
  <testcase classname="com.simplilearn.mavenproject.Sands" name="amr_solution" time="4.197"/>
  <testcase classname="com.simplilearn.mavenproject.Sands" name="cmri" time="3.445"/>
  <testcase classname="com.simplilearn.mavenproject.Sands" name="opal" time="1.508"/>
  <testcase classname="com.simplilearn.mavenproject.Sands" name="optical_probe" time="1.696"/>
  <testcase classname="com.simplilearn.mavenproject.Sands" name="smart_mete" time="1.675"/>
</testsuite> <!-- Default test -->
