<?xml version="1.0" encoding="UTF-8"?>
<testng-results ignored="0" total="1" passed="1" failed="0" skipped="0">
  <reporter-output>
  </reporter-output>
  <suite started-at="2024-12-05T18:05:41 IST" name="Default suite" finished-at="2024-12-05T18:05:41 IST" duration-ms="47">
    <groups>
    </groups>
    <test started-at="2024-12-05T18:05:41 IST" name="Default test" finished-at="2024-12-05T18:05:41 IST" duration-ms="47">
      <class name="sands.Stream">
        <test-method signature="streamcollect()[pri:0, instance:sands.Stream@131774fe]" started-at="2024-12-05T18:05:41 IST" name="streamcollect" finished-at="2024-12-05T18:05:41 IST" duration-ms="11" status="PASS">
          <reporter-output>
          </reporter-output>
        </test-method> <!-- streamcollect -->
      </class> <!-- sands.Stream -->
    </test> <!-- Default test -->
  </suite> <!-- Default suite -->
</testng-results>
