<?xml version="1.0" encoding="UTF-8"?>
<!-- Generated by org.testng.reporters.JUnitXMLReporter -->
<testsuite ignored="2" hostname="CPU0441" failures="0" tests="1" name="car loan" time="0.004" errors="0" timestamp="2025-01-02T12:10:00 IST">
  <testcase classname="test.Case2" name="test1" time="0.001"/>
  <testcase classname="test.Case2" name="test3" time="0.0">
    <ignored/>
  </testcase> <!-- test3 -->
  <testcase classname="test.Case2" name="test2" time="0.0">
    <ignored/>
  </testcase> <!-- test2 -->
</testsuite> <!-- car loan -->
