<?xml version="1.0" encoding="UTF-8"?>
<!-- Generated by org.testng.reporters.JUnitXMLReporter -->
<testsuite ignored="0" hostname="CPU0441" failures="0" tests="10" name="sands2" time="0.034" errors="0" timestamp="2025-03-19T15:26:06 IST">
  <testcase classname="test.Case2" name="test1" time="0.001"/>
  <testcase classname="test.Case2" name="test2" time="0.001"/>
  <testcase classname="test.Case2" name="test3" time="0.001"/>
  <testcase classname="test.Sands_department2" name="collection" time="0.002"/>
  <testcase classname="test.Sands_department2" name="ppc" time="0.002"/>
  <testcase classname="test.Sands_department2" name="dac" time="0.0"/>
  <testcase classname="test.Sands_department2" name="qc" time="0.001"/>
  <testcase classname="test.Sands_department2" name="Hr" time="0.001"/>
  <testcase classname="test.Sands_department2" name="accounts" time="0.0"/>
  <testcase classname="test.Case1" name="test1" time="0.002"/>
</testsuite> <!-- sands2 -->
