<?xml version="1.0" encoding="UTF-8"?>
<!-- Generated by org.testng.reporters.JUnitXMLReporter -->
<testsuite ignored="1" hostname="CPU0441" failures="0" tests="5" name="test" time="0.04" errors="0" timestamp="2024-07-22T17:34:21 IST">
  <testcase classname="test.Case1" name="test1" time="0.007"/>
  <testcase classname="test.Case1" name="test2" time="0.002"/>
  <testcase classname="test.Case1" name="test3" time="0.0"/>
  <testcase classname="test.Case2" name="test1" time="0.001"/>
  <testcase classname="test.Case2" name="test3" time="0.001"/>
  <testcase classname="test.Case2" name="test2" time="0.0">
    <ignored/>
  </testcase> <!-- test2 -->
</testsuite> <!-- test -->
